<!-- This is the configuration for CLARIN harvesting. -->
<config>

    <!-- ### configuration settings ### -->
    <settings>
        <!-- Working directory. -->
        <workdir>target/it/workspace</workdir>

        <!-- Maximum number of attempts per record before giving up. -->
        <max-retry-count>2</max-retry-count>

        <!-- Delay between retries of a record (seconds). -->
        <retry-delay>10</retry-delay>

        <!-- Maximum number of concurrent harvester(worker) threads -->
        <max-jobs>6</max-jobs>

        <!-- Number of resources placed in the resource pool. -->
        <resource-pool-size>2</resource-pool-size>

        <overview-file>target/it/overview.xml</overview-file>

        <!-- Default timeout (for connection and reading) for a single
        http request in seconds. If unspecified, will be INFINITE.  -->
        <timeout>60</timeout>
        <scenario>ListRecords</scenario>
        <incremental>false</incremental>
        <dry-run>false</dry-run>
    </settings>

    <!-- ### output directories (referenced in the action section) ### -->
    <directories>
        <!-- When the attribute 'max-files' is non-zero, subdirectories
             will be created to ensure no directory has more than that
             number of files. -->
        <dir path="oai-rec" id="rec" max-files="0"/>
        <dir path="oai-pmh" id="oai" max-files="0"/>
        <dir path="results/cmdi-1_1" id="cmdi-1_1" max-files="0"/>
        <dir path="results/cmdi" id="cmdi-1_2" max-files="0"/>
        <dir path="results/identity" id="ident" max-files="0"/>
    </directories>


    <!-- ### actions to take on metadata formats (in order of preference) ### -->
    <actions>
        <format match="prefix" value="oai_dc">
            <action type="split"/>
            <action type="save" dir="rec" suffix=".xml"/>
            <action type="strip"/>
            <action type="save" dir="oai" suffix=".xml"/>
            <action type="transform" file="http://localhost:8009/xslts/identity.xsl" max-jobs="1"/>
            <action type="save" dir="ident" suffix=".xml"/>
        </format>
    </actions>

    <!-- ### list of providers ### -->
    <providers>
        <provider url="http://ufal-point-dev.ufal.hide.ms.mff.cuni.cz/dspace5l/oai/request" name="lindat_ws1">
            <set>hdl_11858_00-097C-0000-0023-8C33-2</set>
        </provider>
        <provider url="http://ufal-point-dev.ufal.hide.ms.mff.cuni.cz/dspace5l/oai/request" name="lindat_ws2">
            <set>hdl_11858_00-097C-0000-0023-8C33-2</set>
        </provider>
        <provider url="http://ufal-point-dev.ufal.hide.ms.mff.cuni.cz/dspace5l/oai/request" name="lindat_ws3">
            <set>hdl_11858_00-097C-0000-0023-8C33-2</set>
        </provider>
        <provider url="http://ufal-point-dev.ufal.hide.ms.mff.cuni.cz/dspace5l/oai/request" name="lindat_ws4">
            <set>hdl_11858_00-097C-0000-0023-8C33-2</set>
        </provider>
        <provider url="http://ufal-point-dev.ufal.hide.ms.mff.cuni.cz/dspace5l/oai/request" name="lindat_ws5">
            <set>hdl_11858_00-097C-0000-0023-8C33-2</set>
        </provider>
        <provider url="http://ufal-point-dev.ufal.hide.ms.mff.cuni.cz/dspace5l/oai/request" name="lindat_ws6">
            <set>hdl_11858_00-097C-0000-0023-8C33-2</set>
        </provider>
        <provider url="http://ufal-point-dev.ufal.hide.ms.mff.cuni.cz/dspace5l/oai/request" name="lindat_ws7">
            <set>hdl_11858_00-097C-0000-0023-8C33-2</set>
        </provider>
        <provider url="http://ufal-point-dev.ufal.hide.ms.mff.cuni.cz/dspace5l/oai/request" name="lindat_ws8">
            <set>hdl_11858_00-097C-0000-0023-8C33-2</set>
        </provider>
        <provider url="http://ufal-point-dev.ufal.hide.ms.mff.cuni.cz/dspace5l/oai/request" name="lindat_ws9">
            <set>hdl_11858_00-097C-0000-0023-8C33-2</set>
        </provider>
        <provider url="http://ufal-point-dev.ufal.hide.ms.mff.cuni.cz/dspace5l/oai/request" name="lindat_ws0">
            <set>hdl_11858_00-097C-0000-0023-8C33-2</set>
        </provider>
    </providers>
</config>
